Using pre-set license
Built from '2022.3/staging' branch; Version is '2022.3.11f1 (d00248457e15) revision 13632072'; Using compiler version '192829333'; Build Type 'Release'
OS: 'Windows 10  (10.0.19045) 64bit Professional' Language: 'ko' Physical Memory: 32686 MB
BatchMode: 1, IsHumanControllingUs: 0, StartBugReporterOnCrash: 0, Is64bit: 1, IsPro: 1

COMMAND LINE ARGUMENTS:
C:\Program Files\Unity\Hub\Editor\2022.3.11f1\Editor\Unity.exe
-adb2
-batchMode
-noUpm
-name
AssetImportWorker1
-projectPath
D:/삼국지 게임자료/Dongon
-logFile
Logs/AssetImportWorker1.log
-srvPort
52312
Successfully changed project path to: D:/삼국지 게임자료/Dongon
D:/삼국지 게임자료/Dongon
[UnityMemory] Configuration Parameters - Can be set up in boot.config
    "memorysetup-bucket-allocator-granularity=16"
    "memorysetup-bucket-allocator-bucket-count=8"
    "memorysetup-bucket-allocator-block-size=33554432"
    "memorysetup-bucket-allocator-block-count=8"
    "memorysetup-main-allocator-block-size=16777216"
    "memorysetup-thread-allocator-block-size=16777216"
    "memorysetup-gfx-main-allocator-block-size=16777216"
    "memorysetup-gfx-thread-allocator-block-size=16777216"
    "memorysetup-cache-allocator-block-size=4194304"
    "memorysetup-typetree-allocator-block-size=2097152"
    "memorysetup-profiler-bucket-allocator-granularity=16"
    "memorysetup-profiler-bucket-allocator-bucket-count=8"
    "memorysetup-profiler-bucket-allocator-block-size=33554432"
    "memorysetup-profiler-bucket-allocator-block-count=8"
    "memorysetup-profiler-allocator-block-size=16777216"
    "memorysetup-profiler-editor-allocator-block-size=1048576"
    "memorysetup-temp-allocator-size-main=16777216"
    "memorysetup-job-temp-allocator-block-size=2097152"
    "memorysetup-job-temp-allocator-block-size-background=1048576"
    "memorysetup-job-temp-allocator-reduction-small-platforms=262144"
    "memorysetup-allocator-temp-initial-block-size-main=262144"
    "memorysetup-allocator-temp-initial-block-size-worker=262144"
    "memorysetup-temp-allocator-size-background-worker=32768"
    "memorysetup-temp-allocator-size-job-worker=262144"
    "memorysetup-temp-allocator-size-preload-manager=33554432"
    "memorysetup-temp-allocator-size-nav-mesh-worker=65536"
    "memorysetup-temp-allocator-size-audio-worker=65536"
    "memorysetup-temp-allocator-size-cloud-worker=32768"
    "memorysetup-temp-allocator-size-gi-baking-worker=262144"
    "memorysetup-temp-allocator-size-gfx=262144"
Player connection [5972] Host "[IP] 192.168.75.202 [Port] 0 [Flags] 2 [Guid] 557009770 [EditorId] 557009770 [Version] 1048832 [Id] WindowsEditor(7,DESKTOP-CO9QTC9) [Debug] 1 [PackageName] WindowsEditor [ProjectName] Editor" joined multi-casting on [225.0.0.222:54997]...

Player connection [5972] Host "[IP] 192.168.75.202 [Port] 0 [Flags] 2 [Guid] 557009770 [EditorId] 557009770 [Version] 1048832 [Id] WindowsEditor(7,DESKTOP-CO9QTC9) [Debug] 1 [PackageName] WindowsEditor [ProjectName] Editor" joined alternative multi-casting on [225.0.0.222:34997]...

[Physics::Module] Initialized MultithreadedJobDispatcher with 7 workers.
Refreshing native plugins compatible for Editor in 33.36 ms, found 4 plugins.
Preloading 0 native plugins for Editor in 0.00 ms.
Initialize engine version: 2022.3.11f1 (d00248457e15)
[Subsystems] Discovering subsystems at path C:/Program Files/Unity/Hub/Editor/2022.3.11f1/Editor/Data/Resources/UnitySubsystems
[Subsystems] Discovering subsystems at path D:/삼국지 게임자료/Dongon/Assets
GfxDevice: creating device client; threaded=0; jobified=0
Direct3D:
    Version:  Direct3D 11.0 [level 11.1]
    Renderer: NVIDIA GeForce RTX 2060 (ID=0x1e89)
    Vendor:   NVIDIA
    VRAM:     5958 MB
    Driver:   31.0.15.3623
Invalid texture used for cursor - check importer settings or texture creation. Texture must be RGBA32, readable, have alphaIsTransparency enabled and have no mip chain.
Initialize mono
Mono path[0] = 'C:/Program Files/Unity/Hub/Editor/2022.3.11f1/Editor/Data/Managed'
Mono path[1] = 'C:/Program Files/Unity/Hub/Editor/2022.3.11f1/Editor/Data/MonoBleedingEdge/lib/mono/unityjit-win32'
Mono config path = 'C:/Program Files/Unity/Hub/Editor/2022.3.11f1/Editor/Data/MonoBleedingEdge/etc'
Using monoOptions --debugger-agent=transport=dt_socket,embedding=1,server=y,suspend=n,address=127.0.0.1:56876
Begin MonoManager ReloadAssembly
Registering precompiled unity dll's ...
Register platform support module: C:/Program Files/Unity/Hub/Editor/2022.3.11f1/Editor/Data/PlaybackEngines/WindowsStandaloneSupport/UnityEditor.WindowsStandalone.Extensions.dll
Registered in 0.012298 seconds.
- Loaded All Assemblies, in  0.369 seconds
Native extension for WindowsStandalone target not found
Mono: successfully reloaded assembly
- Finished resetting the current domain, in  0.260 seconds
Domain Reload Profiling: 627ms
	BeginReloadAssembly (123ms)
		ExecutionOrderSort (0ms)
		DisableScriptedObjects (0ms)
		BackupInstance (0ms)
		ReleaseScriptingObjects (0ms)
		CreateAndSetChildDomain (1ms)
	RebuildCommonClasses (35ms)
	RebuildNativeTypeToScriptingClass (10ms)
	initialDomainReloadingComplete (64ms)
	LoadAllAssembliesAndSetupDomain (134ms)
		LoadAssemblies (120ms)
		RebuildTransferFunctionScriptingTraits (0ms)
		AnalyzeDomain (132ms)
			TypeCache.Refresh (130ms)
				TypeCache.ScanAssembly (116ms)
			ScanForSourceGeneratedMonoScriptInfo (0ms)
			ResolveRequiredComponents (0ms)
	FinalizeReload (261ms)
		ReleaseScriptCaches (0ms)
		RebuildScriptCaches (0ms)
		SetupLoadedEditorAssemblies (202ms)
			LogAssemblyErrors (0ms)
			InitializePlatformSupportModulesInManaged (11ms)
			SetLoadedEditorAssemblies (8ms)
			RefreshPlugins (0ms)
			BeforeProcessingInitializeOnLoad (2ms)
			ProcessInitializeOnLoadAttributes (128ms)
			ProcessInitializeOnLoadMethodAttributes (53ms)
			AfterProcessingInitializeOnLoad (0ms)
			EditorAssembliesLoaded (0ms)
		ExecutionOrderSort2 (0ms)
		AwakeInstancesAfterBackupRestoration (0ms)
========================================================================
Worker process is ready to serve import requests
Begin MonoManager ReloadAssembly
Symbol file LoadedFromMemory is not a mono symbol file
- Loaded All Assemblies, in  0.942 seconds
Refreshing native plugins compatible for Editor in 21.61 ms, found 4 plugins.
Native extension for WindowsStandalone target not found
Package Manager log level set to [2]
[Package Manager] Server::EnsureServerProcessIsRunning -- launch failed, reason: Unity was launched with the -noUpm command-line argument
[Package Manager] UpmClient::Send -- Unable to send message (not connected to UPM process).
[Package Manager] Cannot connect to Unity Package Manager local server
Mono: successfully reloaded assembly
- Finished resetting the current domain, in  0.959 seconds
Domain Reload Profiling: 1889ms
	BeginReloadAssembly (163ms)
		ExecutionOrderSort (0ms)
		DisableScriptedObjects (5ms)
		BackupInstance (0ms)
		ReleaseScriptingObjects (0ms)
		CreateAndSetChildDomain (21ms)
	RebuildCommonClasses (34ms)
	RebuildNativeTypeToScriptingClass (10ms)
	initialDomainReloadingComplete (54ms)
	LoadAllAssembliesAndSetupDomain (668ms)
		LoadAssemblies (532ms)
		RebuildTransferFunctionScriptingTraits (0ms)
		AnalyzeDomain (236ms)
			TypeCache.Refresh (196ms)
				TypeCache.ScanAssembly (176ms)
			ScanForSourceGeneratedMonoScriptInfo (33ms)
			ResolveRequiredComponents (7ms)
	FinalizeReload (959ms)
		ReleaseScriptCaches (0ms)
		RebuildScriptCaches (0ms)
		SetupLoadedEditorAssemblies (789ms)
			LogAssemblyErrors (0ms)
			InitializePlatformSupportModulesInManaged (7ms)
			SetLoadedEditorAssemblies (4ms)
			RefreshPlugins (0ms)
			BeforeProcessingInitializeOnLoad (116ms)
			ProcessInitializeOnLoadAttributes (483ms)
			ProcessInitializeOnLoadMethodAttributes (168ms)
			AfterProcessingInitializeOnLoad (11ms)
			EditorAssembliesLoaded (0ms)
		ExecutionOrderSort2 (0ms)
		AwakeInstancesAfterBackupRestoration (13ms)
Launched and connected shader compiler UnityShaderCompiler.exe after 0.07 seconds
Refreshing native plugins compatible for Editor in 24.81 ms, found 4 plugins.
Preloading 0 native plugins for Editor in 0.00 ms.
Unloading 5050 Unused Serialized files (Serialized files now loaded: 0)
Unloading 101 unused Assets / (233.9 KB). Loaded Objects now: 5479.
Memory consumption went from 164.2 MB to 164.0 MB.
Total: 7.340200 ms (FindLiveObjects: 0.455600 ms CreateObjectMapping: 0.443000 ms MarkObjects: 6.170200 ms  DeleteObjects: 0.269400 ms)

AssetImportParameters requested are different than current active one (requested -> active):
  custom:container-demuxer-ogg: 62fdf1f143b41e24485cea50d1cbac27 -> 
  custom:video-decoder-ogg-theora: a1e56fd34408186e4bbccfd4996cb3dc -> 
  custom:framework-win-MediaFoundation: 216162199b28c13a410421893ffa2e32 -> 
  custom:CustomObjectIndexerAttribute: 756ad292c208cfabdd7b50bc23989ffe -> 
  custom:container-demuxer-webm: 4f35f7cbe854078d1ac9338744f61a02 -> 
  custom:container-muxer-webm: aa71ff27fc2769a1b78a27578f13a17b -> 
  custom:video-decoder-webm-vp8: 9c59270c3fd7afecdb556c50c9e8de78 -> 
  custom:SearchIndexIgnoredProperties: e643bd26f0fe6173181afceb89e7c659 -> 
  custom:AudioImporter_EditorPlatform: d09bf68614088b80899f8185d706f6e7 -> 
  custom:video-encoder-webm-vp8: eb34c28f22e8b96e1ab97ce403110664 -> 
  custom:audio-decoder-ogg-vorbis: bf7c407c2cedff20999df2af8eb42d56 -> 
  custom:audio-encoder-webm-vorbis: bf7c407c2cedff20999df2af8eb42d56 -> 
========================================================================
Received Import Request.
  Time since last request: 13476.493850 seconds.
  path: Assets/DungeonKit/Prefabs/Player/PlayerWeapon/Knife.prefab
  artifactKey: Guid(aedde732ab786d847b144853f6eeebfd) Importer(815301076,1909f56bfc062723c751e8b465ee728b)
Start importing Assets/DungeonKit/Prefabs/Player/PlayerWeapon/Knife.prefab using Guid(aedde732ab786d847b144853f6eeebfd) Importer(815301076,1909f56bfc062723c751e8b465ee728b)  -> (artifact id: '99c9a0dfb10b78383280d0552f28dd1b') in 0.088878 seconds
Number of updated asset objects reloaded before import = 0
Number of asset objects unloaded after import = 13
========================================================================
Received Import Request.
  Time since last request: 28.968215 seconds.
  path: Assets/DungeonKit/TileMap/Tiles/Dungeon_Tileset_1.asset
  artifactKey: Guid(ebd95be6b7f2fa44d9b3112b78484ef0) Importer(815301076,1909f56bfc062723c751e8b465ee728b)
Start importing Assets/DungeonKit/TileMap/Tiles/Dungeon_Tileset_1.asset using Guid(ebd95be6b7f2fa44d9b3112b78484ef0) Importer(815301076,1909f56bfc062723c751e8b465ee728b)  -> (artifact id: '2eeb66da9f3a0e8cda82d3e67e0be2fb') in 0.017219 seconds
Number of updated asset objects reloaded before import = 0
Number of asset objects unloaded after import = 3
========================================================================
Received Import Request.
  Time since last request: 0.000014 seconds.
  path: Assets/DungeonKit/TileMap/Tiles/Dungeon_Tileset_5.asset
  artifactKey: Guid(bb9c427fd74ff404b820b6f1a5d9d230) Importer(815301076,1909f56bfc062723c751e8b465ee728b)
Start importing Assets/DungeonKit/TileMap/Tiles/Dungeon_Tileset_5.asset using Guid(bb9c427fd74ff404b820b6f1a5d9d230) Importer(815301076,1909f56bfc062723c751e8b465ee728b)  -> (artifact id: '0dc3b37a9c42e4eca988f1172af1a24b') in 0.016006 seconds
Number of updated asset objects reloaded before import = 0
Number of asset objects unloaded after import = 3
========================================================================
Received Import Request.
  Time since last request: 0.000017 seconds.
  path: Assets/DungeonKit/TileMap/Tiles/Dungeon_Tileset_59.asset
  artifactKey: Guid(65921ce71afd79e449631f4d03726fdd) Importer(815301076,1909f56bfc062723c751e8b465ee728b)
Start importing Assets/DungeonKit/TileMap/Tiles/Dungeon_Tileset_59.asset using Guid(65921ce71afd79e449631f4d03726fdd) Importer(815301076,1909f56bfc062723c751e8b465ee728b)  -> (artifact id: 'f0eacc7d0468f14000ed09d8946060e3') in 0.010469 seconds
Number of updated asset objects reloaded before import = 0
Number of asset objects unloaded after import = 3
========================================================================
Received Import Request.
  Time since last request: 0.000013 seconds.
  path: Assets/DungeonKit/TileMap/Tiles/Dungeon_Tileset_68.asset
  artifactKey: Guid(41ee08b3b607ebe48971b9418bc4a3fb) Importer(815301076,1909f56bfc062723c751e8b465ee728b)
Start importing Assets/DungeonKit/TileMap/Tiles/Dungeon_Tileset_68.asset using Guid(41ee08b3b607ebe48971b9418bc4a3fb) Importer(815301076,1909f56bfc062723c751e8b465ee728b)  -> (artifact id: '31dbd5e8c20e5e9720b5abf94e5aa53c') in 0.011119 seconds
Number of updated asset objects reloaded before import = 0
Number of asset objects unloaded after import = 3
========================================================================
Received Import Request.
  Time since last request: 0.000013 seconds.
  path: Assets/DungeonKit/TileMap/Tiles/Dungeon_Tileset_80.asset
  artifactKey: Guid(68f9e935b0f84c14da59676ae317b670) Importer(815301076,1909f56bfc062723c751e8b465ee728b)
Start importing Assets/DungeonKit/TileMap/Tiles/Dungeon_Tileset_80.asset using Guid(68f9e935b0f84c14da59676ae317b670) Importer(815301076,1909f56bfc062723c751e8b465ee728b)  -> (artifact id: '770cb31e3fd10a5890b58743d628746e') in 0.009935 seconds
Number of updated asset objects reloaded before import = 0
Number of asset objects unloaded after import = 3
========================================================================
Received Import Request.
  Time since last request: 0.000013 seconds.
  path: Assets/DungeonKit/TileMap/Tiles/Dungeon_Tileset_21.asset
  artifactKey: Guid(a99c9675296b4e644acd6f811589905f) Importer(815301076,1909f56bfc062723c751e8b465ee728b)
Start importing Assets/DungeonKit/TileMap/Tiles/Dungeon_Tileset_21.asset using Guid(a99c9675296b4e644acd6f811589905f) Importer(815301076,1909f56bfc062723c751e8b465ee728b)  -> (artifact id: 'c56d59e9f98d4838e1d1c4d4eb82bca4') in 0.010136 seconds
Number of updated asset objects reloaded before import = 0
Number of asset objects unloaded after import = 3
========================================================================
Received Import Request.
  Time since last request: 0.000011 seconds.
  path: Assets/DungeonKit/TileMap/Tiles/Dungeon_Tileset_26.asset
  artifactKey: Guid(cd0a084cca28c4d439477953eb7c7475) Importer(815301076,1909f56bfc062723c751e8b465ee728b)
Start importing Assets/DungeonKit/TileMap/Tiles/Dungeon_Tileset_26.asset using Guid(cd0a084cca28c4d439477953eb7c7475) Importer(815301076,1909f56bfc062723c751e8b465ee728b)  -> (artifact id: 'ca9803ee370a91db3fed659330260084') in 0.011042 seconds
Number of updated asset objects reloaded before import = 0
Number of asset objects unloaded after import = 3
========================================================================
Received Import Request.
  Time since last request: 0.000015 seconds.
  path: Assets/DungeonKit/TileMap/Tiles/Dungeon_Tileset_76.asset
  artifactKey: Guid(4258f0e57cf878b41b5fb944c10cf05b) Importer(815301076,1909f56bfc062723c751e8b465ee728b)
Start importing Assets/DungeonKit/TileMap/Tiles/Dungeon_Tileset_76.asset using Guid(4258f0e57cf878b41b5fb944c10cf05b) Importer(815301076,1909f56bfc062723c751e8b465ee728b)  -> (artifact id: '272eba2c97b4055a681ec712ba5fbd08') in 0.015220 seconds
Number of updated asset objects reloaded before import = 0
Number of asset objects unloaded after import = 3
========================================================================
Received Import Request.
  Time since last request: 0.000014 seconds.
  path: Assets/DungeonKit/TileMap/Tiles/Dungeon_Tileset_52.asset
  artifactKey: Guid(e03b697104b310948b8d230c5fb02da5) Importer(815301076,1909f56bfc062723c751e8b465ee728b)
Start importing Assets/DungeonKit/TileMap/Tiles/Dungeon_Tileset_52.asset using Guid(e03b697104b310948b8d230c5fb02da5) Importer(815301076,1909f56bfc062723c751e8b465ee728b)  -> (artifact id: 'dbaf9f30878e06fc1b5d98236926acc1') in 0.011324 seconds
Number of updated asset objects reloaded before import = 0
Number of asset objects unloaded after import = 3
========================================================================
Received Import Request.
  Time since last request: 0.000013 seconds.
  path: Assets/DungeonKit/TileMap/Tiles/Dungeon_Tileset_50.asset
  artifactKey: Guid(0ca1df1fe0171114e83697325918ab44) Importer(815301076,1909f56bfc062723c751e8b465ee728b)
Start importing Assets/DungeonKit/TileMap/Tiles/Dungeon_Tileset_50.asset using Guid(0ca1df1fe0171114e83697325918ab44) Importer(815301076,1909f56bfc062723c751e8b465ee728b)  -> (artifact id: '3a19fd54209c588f44b96eb4bc4741d5') in 0.009277 seconds
Number of updated asset objects reloaded before import = 0
Number of asset objects unloaded after import = 3
========================================================================
Received Import Request.
  Time since last request: 0.000018 seconds.
  path: Assets/DungeonKit/TileMap/Tiles/Dungeon_Tileset_29.asset
  artifactKey: Guid(72f1e4a004a842e45b95b08e9533d631) Importer(815301076,1909f56bfc062723c751e8b465ee728b)
Start importing Assets/DungeonKit/TileMap/Tiles/Dungeon_Tileset_29.asset using Guid(72f1e4a004a842e45b95b08e9533d631) Importer(815301076,1909f56bfc062723c751e8b465ee728b)  -> (artifact id: 'ed10cf614cd2e37403950dbf1e3871c8') in 0.032989 seconds
Number of updated asset objects reloaded before import = 0
Number of asset objects unloaded after import = 3
========================================================================
Received Import Request.
  Time since last request: 0.000013 seconds.
  path: Assets/DungeonKit/TileMap/Tiles/Dungeon_Tileset_15.asset
  artifactKey: Guid(c9b2f72ca71d9f845ab24731a40f712b) Importer(815301076,1909f56bfc062723c751e8b465ee728b)
Start importing Assets/DungeonKit/TileMap/Tiles/Dungeon_Tileset_15.asset using Guid(c9b2f72ca71d9f845ab24731a40f712b) Importer(815301076,1909f56bfc062723c751e8b465ee728b)  -> (artifact id: 'c29b47ede0dfed2ba8bcbb80f27ebbba') in 0.010493 seconds
Number of updated asset objects reloaded before import = 0
Number of asset objects unloaded after import = 3
========================================================================
Received Import Request.
  Time since last request: 0.000012 seconds.
  path: Assets/DungeonKit/TileMap/Tiles/Dungeon_Tileset_79.asset
  artifactKey: Guid(912e6282b6bc05847b2b15b328cf24d8) Importer(815301076,1909f56bfc062723c751e8b465ee728b)
Start importing Assets/DungeonKit/TileMap/Tiles/Dungeon_Tileset_79.asset using Guid(912e6282b6bc05847b2b15b328cf24d8) Importer(815301076,1909f56bfc062723c751e8b465ee728b)  -> (artifact id: 'b97f5d169021546b28ca733a0a68497d') in 0.033721 seconds
Number of updated asset objects reloaded before import = 0
Number of asset objects unloaded after import = 3
========================================================================
Received Import Request.
  Time since last request: 0.000014 seconds.
  path: Assets/DungeonKit/TileMap/Tiles/Dungeon_Tileset_23.asset
  artifactKey: Guid(2348d4a74694c8f4b92f282081d72b21) Importer(815301076,1909f56bfc062723c751e8b465ee728b)
Start importing Assets/DungeonKit/TileMap/Tiles/Dungeon_Tileset_23.asset using Guid(2348d4a74694c8f4b92f282081d72b21) Importer(815301076,1909f56bfc062723c751e8b465ee728b)  -> (artifact id: '8e5c33fe60aef7aabc4e8db8d6c48036') in 0.039235 seconds
Number of updated asset objects reloaded before import = 0
Number of asset objects unloaded after import = 3
========================================================================
Received Import Request.
  Time since last request: 0.000013 seconds.
  path: Assets/DungeonKit/TileMap/Tiles/Dungeon_Tileset_35.asset
  artifactKey: Guid(5e5a924a96a7bbd469450613de30e11c) Importer(815301076,1909f56bfc062723c751e8b465ee728b)
Start importing Assets/DungeonKit/TileMap/Tiles/Dungeon_Tileset_35.asset using Guid(5e5a924a96a7bbd469450613de30e11c) Importer(815301076,1909f56bfc062723c751e8b465ee728b)  -> (artifact id: '12720cc6f6992d2f3c6498044c257b10') in 0.032538 seconds
Number of updated asset objects reloaded before import = 0
Number of asset objects unloaded after import = 3
========================================================================
Received Import Request.
  Time since last request: 0.000012 seconds.
  path: Assets/DungeonKit/TileMap/Tiles/Dungeon_Tileset_66.asset
  artifactKey: Guid(57ea222c15817b848885377acd77a75e) Importer(815301076,1909f56bfc062723c751e8b465ee728b)
Start importing Assets/DungeonKit/TileMap/Tiles/Dungeon_Tileset_66.asset using Guid(57ea222c15817b848885377acd77a75e) Importer(815301076,1909f56bfc062723c751e8b465ee728b)  -> (artifact id: '7b3d651b46bafea35b26897ba9503011') in 0.012632 seconds
Number of updated asset objects reloaded before import = 0
Number of asset objects unloaded after import = 3
========================================================================
Received Import Request.
  Time since last request: 0.000013 seconds.
  path: Assets/DungeonKit/TileMap/Tiles/Dungeon_Tileset_2.asset
  artifactKey: Guid(7b7e42343edb9a24f993e11c0dc105c9) Importer(815301076,1909f56bfc062723c751e8b465ee728b)
Start importing Assets/DungeonKit/TileMap/Tiles/Dungeon_Tileset_2.asset using Guid(7b7e42343edb9a24f993e11c0dc105c9) Importer(815301076,1909f56bfc062723c751e8b465ee728b)  -> (artifact id: '46c2fb1bb001d8a4f727903056cfa551') in 0.032865 seconds
Number of updated asset objects reloaded before import = 0
Number of asset objects unloaded after import = 3
========================================================================
Received Import Request.
  Time since last request: 0.000015 seconds.
  path: Assets/DungeonKit/TileMap/Tiles/Dungeon_Tileset_70.asset
  artifactKey: Guid(05c843cac2cbcce4d8043ca96cc7e918) Importer(815301076,1909f56bfc062723c751e8b465ee728b)
Start importing Assets/DungeonKit/TileMap/Tiles/Dungeon_Tileset_70.asset using Guid(05c843cac2cbcce4d8043ca96cc7e918) Importer(815301076,1909f56bfc062723c751e8b465ee728b)  -> (artifact id: '940e070c61006b097e05572b2ffab950') in 0.011014 seconds
Number of updated asset objects reloaded before import = 0
Number of asset objects unloaded after import = 3
========================================================================
Received Import Request.
  Time since last request: 0.000016 seconds.
  path: Assets/DungeonKit/TileMap/Tiles/Dungeon_Tileset_75.asset
  artifactKey: Guid(ba87772a845f8f94c907c99c81f3aa21) Importer(815301076,1909f56bfc062723c751e8b465ee728b)
Start importing Assets/DungeonKit/TileMap/Tiles/Dungeon_Tileset_75.asset using Guid(ba87772a845f8f94c907c99c81f3aa21) Importer(815301076,1909f56bfc062723c751e8b465ee728b)  -> (artifact id: '1c91fbd14753e6ddf6212ccb31d37cef') in 0.010235 seconds
Number of updated asset objects reloaded before import = 0
Number of asset objects unloaded after import = 3
========================================================================
Received Import Request.
  Time since last request: 0.000019 seconds.
  path: Assets/DungeonKit/TileMap/Tiles/Dungeon_Tileset_57.asset
  artifactKey: Guid(063a4644ad524ed4785f35e2ef548ff9) Importer(815301076,1909f56bfc062723c751e8b465ee728b)
Start importing Assets/DungeonKit/TileMap/Tiles/Dungeon_Tileset_57.asset using Guid(063a4644ad524ed4785f35e2ef548ff9) Importer(815301076,1909f56bfc062723c751e8b465ee728b)  -> (artifact id: '472f4c7054241fc0c3362b08f38c3e3f') in 0.010249 seconds
Number of updated asset objects reloaded before import = 0
Number of asset objects unloaded after import = 3
========================================================================
Received Import Request.
  Time since last request: 0.000013 seconds.
  path: Assets/DungeonKit/TileMap/Tiles/Dungeon_Tileset_14.asset
  artifactKey: Guid(8d4d724fb6ba7aa4c9630f89f24f6af7) Importer(815301076,1909f56bfc062723c751e8b465ee728b)
Start importing Assets/DungeonKit/TileMap/Tiles/Dungeon_Tileset_14.asset using Guid(8d4d724fb6ba7aa4c9630f89f24f6af7) Importer(815301076,1909f56bfc062723c751e8b465ee728b)  -> (artifact id: '01b6d962ba4fc097b7f55692eafc5245') in 0.011443 seconds
Number of updated asset objects reloaded before import = 0
Number of asset objects unloaded after import = 3
========================================================================
Received Import Request.
  Time since last request: 0.000014 seconds.
  path: Assets/DungeonKit/TileMap/Tiles/Dungeon_Tileset_37.asset
  artifactKey: Guid(9e8d8811a03baef489a78e5e3fcb0ffb) Importer(815301076,1909f56bfc062723c751e8b465ee728b)
Start importing Assets/DungeonKit/TileMap/Tiles/Dungeon_Tileset_37.asset using Guid(9e8d8811a03baef489a78e5e3fcb0ffb) Importer(815301076,1909f56bfc062723c751e8b465ee728b)  -> (artifact id: '13e33eb45f9a7dc0b253de8d28f0a3b2') in 0.002764 seconds
Number of updated asset objects reloaded before import = 0
Number of asset objects unloaded after import = 1
========================================================================
Received Import Request.
  Time since last request: 0.000011 seconds.
  path: Assets/DungeonKit/TileMap/Tiles/Dungeon_Tileset_3.asset
  artifactKey: Guid(f5b88702b0531f84b89877d9a0b34a9f) Importer(815301076,1909f56bfc062723c751e8b465ee728b)
Start importing Assets/DungeonKit/TileMap/Tiles/Dungeon_Tileset_3.asset using Guid(f5b88702b0531f84b89877d9a0b34a9f) Importer(815301076,1909f56bfc062723c751e8b465ee728b)  -> (artifact id: '2d2e48e66fcb4b322f6d0d19a737e904') in 0.011822 seconds
Number of updated asset objects reloaded before import = 0
Number of asset objects unloaded after import = 3
========================================================================
Received Import Request.
  Time since last request: 0.000014 seconds.
  path: Assets/DungeonKit/TileMap/Tiles/Dungeon_Tileset_28.asset
  artifactKey: Guid(453d75059997c6b4f8cb68d03e336359) Importer(815301076,1909f56bfc062723c751e8b465ee728b)
Start importing Assets/DungeonKit/TileMap/Tiles/Dungeon_Tileset_28.asset using Guid(453d75059997c6b4f8cb68d03e336359) Importer(815301076,1909f56bfc062723c751e8b465ee728b)  -> (artifact id: '4371cf1975bddecc748e60605eabc5a8') in 0.013598 seconds
Number of updated asset objects reloaded before import = 0
Number of asset objects unloaded after import = 3
========================================================================
Received Import Request.
  Time since last request: 0.000017 seconds.
  path: Assets/DungeonKit/TileMap/Tiles/Dungeon_Tileset_44.asset
  artifactKey: Guid(4f7487673ee55714a82d4b5049456727) Importer(815301076,1909f56bfc062723c751e8b465ee728b)
Start importing Assets/DungeonKit/TileMap/Tiles/Dungeon_Tileset_44.asset using Guid(4f7487673ee55714a82d4b5049456727) Importer(815301076,1909f56bfc062723c751e8b465ee728b)  -> (artifact id: '20c04581b26a8213f9daf399fb8b01e7') in 0.012089 seconds
Number of updated asset objects reloaded before import = 0
Number of asset objects unloaded after import = 3
========================================================================
Received Import Request.
  Time since last request: 0.000013 seconds.
  path: Assets/DungeonKit/TileMap/Tiles/Dungeon_Tileset_47.asset
  artifactKey: Guid(8b3a297e89d0b394684872ad880509c0) Importer(815301076,1909f56bfc062723c751e8b465ee728b)
Start importing Assets/DungeonKit/TileMap/Tiles/Dungeon_Tileset_47.asset using Guid(8b3a297e89d0b394684872ad880509c0) Importer(815301076,1909f56bfc062723c751e8b465ee728b)  -> (artifact id: 'f0314c6e09eabae5c7c7afa0da1810cc') in 0.011308 seconds
Number of updated asset objects reloaded before import = 0
Number of asset objects unloaded after import = 3
========================================================================
Received Import Request.
  Time since last request: 0.000018 seconds.
  path: Assets/DungeonKit/TileMap/Tiles/Dungeon_Tileset_13.asset
  artifactKey: Guid(10285b85e70f25c4db96c21e2f4f6e36) Importer(815301076,1909f56bfc062723c751e8b465ee728b)
Start importing Assets/DungeonKit/TileMap/Tiles/Dungeon_Tileset_13.asset using Guid(10285b85e70f25c4db96c21e2f4f6e36) Importer(815301076,1909f56bfc062723c751e8b465ee728b)  -> (artifact id: '9af5ce9b804d260a15c75ec9c02e4e59') in 0.010960 seconds
Number of updated asset objects reloaded before import = 0
Number of asset objects unloaded after import = 3
========================================================================
Received Import Request.
  Time since last request: 0.000014 seconds.
  path: Assets/DungeonKit/TileMap/Tiles/Dungeon_Tileset_61.asset
  artifactKey: Guid(971c0ceb6886d0d42b67f86511e5f26f) Importer(815301076,1909f56bfc062723c751e8b465ee728b)
Start importing Assets/DungeonKit/TileMap/Tiles/Dungeon_Tileset_61.asset using Guid(971c0ceb6886d0d42b67f86511e5f26f) Importer(815301076,1909f56bfc062723c751e8b465ee728b)  -> (artifact id: '570736a88b11be4794724b99f0ba32a7') in 0.010742 seconds
Number of updated asset objects reloaded before import = 0
Number of asset objects unloaded after import = 3
========================================================================
Received Import Request.
  Time since last request: 0.000017 seconds.
  path: Assets/DungeonKit/TileMap/Tiles/Dungeon_Tileset_65.asset
  artifactKey: Guid(9ecbb6e60a770bb4f876d84b209010a7) Importer(815301076,1909f56bfc062723c751e8b465ee728b)
Start importing Assets/DungeonKit/TileMap/Tiles/Dungeon_Tileset_65.asset using Guid(9ecbb6e60a770bb4f876d84b209010a7) Importer(815301076,1909f56bfc062723c751e8b465ee728b)  -> (artifact id: 'd8609cdacf11d292db12f63f8ff7aac3') in 0.028042 seconds
Number of updated asset objects reloaded before import = 0
Number of asset objects unloaded after import = 3
========================================================================
Received Import Request.
  Time since last request: 0.000016 seconds.
  path: Assets/DungeonKit/TileMap/Tiles/Dungeon_Tileset_63.asset
  artifactKey: Guid(7d6d48ef967995144b2ec59ddcde32be) Importer(815301076,1909f56bfc062723c751e8b465ee728b)
Start importing Assets/DungeonKit/TileMap/Tiles/Dungeon_Tileset_63.asset using Guid(7d6d48ef967995144b2ec59ddcde32be) Importer(815301076,1909f56bfc062723c751e8b465ee728b)  -> (artifact id: '27880cadf687d2f9ba36509c57d69f86') in 0.010540 seconds
Number of updated asset objects reloaded before import = 0
Number of asset objects unloaded after import = 3
========================================================================
Received Import Request.
  Time since last request: 0.000017 seconds.
  path: Assets/DungeonKit/TileMap/Tiles/Dungeon_Tileset_19.asset
  artifactKey: Guid(b108cc8dc687a8a4c9d6a655e2aa71b8) Importer(815301076,1909f56bfc062723c751e8b465ee728b)
Start importing Assets/DungeonKit/TileMap/Tiles/Dungeon_Tileset_19.asset using Guid(b108cc8dc687a8a4c9d6a655e2aa71b8) Importer(815301076,1909f56bfc062723c751e8b465ee728b)  -> (artifact id: 'face73a8bebc92448ab3a158aabc337d') in 0.011475 seconds
Number of updated asset objects reloaded before import = 0
Number of asset objects unloaded after import = 3
========================================================================
Received Import Request.
  Time since last request: 0.000014 seconds.
  path: Assets/DungeonKit/TileMap/Tiles/Dungeon_Tileset_43.asset
  artifactKey: Guid(6b1d792abfcb9a64c9f6fc4c26f0008b) Importer(815301076,1909f56bfc062723c751e8b465ee728b)
Start importing Assets/DungeonKit/TileMap/Tiles/Dungeon_Tileset_43.asset using Guid(6b1d792abfcb9a64c9f6fc4c26f0008b) Importer(815301076,1909f56bfc062723c751e8b465ee728b)  -> (artifact id: 'fd83be78cfabbb892e4dbfe3fa5821d1') in 0.011711 seconds
Number of updated asset objects reloaded before import = 0
Number of asset objects unloaded after import = 3
========================================================================
Received Import Request.
  Time since last request: 0.000020 seconds.
  path: Assets/DungeonKit/TileMap/Tiles/Dungeon_Tileset_78.asset
  artifactKey: Guid(2a3e77815fd04014bb793f04066e8179) Importer(815301076,1909f56bfc062723c751e8b465ee728b)
Start importing Assets/DungeonKit/TileMap/Tiles/Dungeon_Tileset_78.asset using Guid(2a3e77815fd04014bb793f04066e8179) Importer(815301076,1909f56bfc062723c751e8b465ee728b)  -> (artifact id: '176f00aa6d46bb230509676075a922c7') in 0.013537 seconds
Number of updated asset objects reloaded before import = 0
Number of asset objects unloaded after import = 3
========================================================================
Received Import Request.
  Time since last request: 0.000018 seconds.
  path: Assets/DungeonKit/TileMap/Tiles/Dungeon_Tileset_64.asset
  artifactKey: Guid(6a89324e1b26e7245be8262289219728) Importer(815301076,1909f56bfc062723c751e8b465ee728b)
Start importing Assets/DungeonKit/TileMap/Tiles/Dungeon_Tileset_64.asset using Guid(6a89324e1b26e7245be8262289219728) Importer(815301076,1909f56bfc062723c751e8b465ee728b)  -> (artifact id: '13c2a0a65a5f5038f9d1db3f97882c6b') in 0.014046 seconds
Number of updated asset objects reloaded before import = 0
Number of asset objects unloaded after import = 3
========================================================================
Received Import Request.
  Time since last request: 0.000015 seconds.
  path: Assets/DungeonKit/TileMap/Tiles/Dungeon_Tileset_46.asset
  artifactKey: Guid(7838726d55793b844b69c3ab5bc7159a) Importer(815301076,1909f56bfc062723c751e8b465ee728b)
Start importing Assets/DungeonKit/TileMap/Tiles/Dungeon_Tileset_46.asset using Guid(7838726d55793b844b69c3ab5bc7159a) Importer(815301076,1909f56bfc062723c751e8b465ee728b)  -> (artifact id: 'bc4dc9b01a259369998fd487c1affccf') in 0.012922 seconds
Number of updated asset objects reloaded before import = 0
Number of asset objects unloaded after import = 3
========================================================================
Received Import Request.
  Time since last request: 0.000015 seconds.
  path: Assets/DungeonKit/TileMap/Tiles/Dungeon_Tileset_17.asset
  artifactKey: Guid(cd5f8e4bd02decd47b76275a58c89770) Importer(815301076,1909f56bfc062723c751e8b465ee728b)
Start importing Assets/DungeonKit/TileMap/Tiles/Dungeon_Tileset_17.asset using Guid(cd5f8e4bd02decd47b76275a58c89770) Importer(815301076,1909f56bfc062723c751e8b465ee728b)  -> (artifact id: '2487b161cb654b685618f8a288725262') in 0.005338 seconds
Number of updated asset objects reloaded before import = 0
Number of asset objects unloaded after import = 3
========================================================================
Received Import Request.
  Time since last request: 0.000014 seconds.
  path: Assets/DungeonKit/TileMap/Tiles/Dungeon_Tileset_10.asset
  artifactKey: Guid(dcd2324b75242a74d8cb7eaba54bcd31) Importer(815301076,1909f56bfc062723c751e8b465ee728b)
Start importing Assets/DungeonKit/TileMap/Tiles/Dungeon_Tileset_10.asset using Guid(dcd2324b75242a74d8cb7eaba54bcd31) Importer(815301076,1909f56bfc062723c751e8b465ee728b)  -> (artifact id: '83e40b529e52582ad7ed3acb5a039f30') in 0.018763 seconds
Number of updated asset objects reloaded before import = 0
Number of asset objects unloaded after import = 3
========================================================================
Received Import Request.
  Time since last request: 0.000017 seconds.
  path: Assets/DungeonKit/TileMap/Tiles/Dungeon_Tileset_42.asset
  artifactKey: Guid(c646424fc3ad1df43a8e4f61cb08a7f8) Importer(815301076,1909f56bfc062723c751e8b465ee728b)
Start importing Assets/DungeonKit/TileMap/Tiles/Dungeon_Tileset_42.asset using Guid(c646424fc3ad1df43a8e4f61cb08a7f8) Importer(815301076,1909f56bfc062723c751e8b465ee728b)  -> (artifact id: '0319be00ac9dd6d1559cca76b968bc61') in 0.005731 seconds
Number of updated asset objects reloaded before import = 0
Number of asset objects unloaded after import = 3
========================================================================
Received Import Request.
  Time since last request: 0.000022 seconds.
  path: Assets/DungeonKit/TileMap/Tiles/Dungeon_Tileset_32.asset
  artifactKey: Guid(7ca5fe1165f3e6d469abcbc9c8a2367f) Importer(815301076,1909f56bfc062723c751e8b465ee728b)
Start importing Assets/DungeonKit/TileMap/Tiles/Dungeon_Tileset_32.asset using Guid(7ca5fe1165f3e6d469abcbc9c8a2367f) Importer(815301076,1909f56bfc062723c751e8b465ee728b)  -> (artifact id: 'ce452ea0f881f7c638e20d5fe7d97a4f') in 0.010951 seconds
Number of updated asset objects reloaded before import = 0
Number of asset objects unloaded after import = 3
========================================================================
Received Import Request.
  Time since last request: 0.000013 seconds.
  path: Assets/DungeonKit/TileMap/Tiles/Dungeon_Tileset_36.asset
  artifactKey: Guid(63a7cd33c8056644a93965786319121c) Importer(815301076,1909f56bfc062723c751e8b465ee728b)
Start importing Assets/DungeonKit/TileMap/Tiles/Dungeon_Tileset_36.asset using Guid(63a7cd33c8056644a93965786319121c) Importer(815301076,1909f56bfc062723c751e8b465ee728b)  -> (artifact id: 'fc97dc9f39e0511cae4f5c896a636e40') in 0.012095 seconds
Number of updated asset objects reloaded before import = 0
Number of asset objects unloaded after import = 3
========================================================================
Received Prepare
Begin MonoManager ReloadAssembly
Symbol file LoadedFromMemory is not a mono symbol file
- Loaded All Assemblies, in  0.663 seconds
Refreshing native plugins compatible for Editor in 22.16 ms, found 4 plugins.
Native extension for WindowsStandalone target not found
[Package Manager] Server::EnsureServerProcessIsRunning -- launch failed, reason: Unity was launched with the -noUpm command-line argument
[Package Manager] UpmClient::Send -- Unable to send message (not connected to UPM process).
[Package Manager] Cannot connect to Unity Package Manager local server
Mono: successfully reloaded assembly
- Finished resetting the current domain, in  1.848 seconds
Domain Reload Profiling: 2501ms
	BeginReloadAssembly (179ms)
		ExecutionOrderSort (0ms)
		DisableScriptedObjects (11ms)
		BackupInstance (0ms)
		ReleaseScriptingObjects (0ms)
		CreateAndSetChildDomain (43ms)
	RebuildCommonClasses (32ms)
	RebuildNativeTypeToScriptingClass (10ms)
	initialDomainReloadingComplete (37ms)
	LoadAllAssembliesAndSetupDomain (395ms)
		LoadAssemblies (469ms)
		RebuildTransferFunctionScriptingTraits (0ms)
		AnalyzeDomain (14ms)
			TypeCache.Refresh (6ms)
				TypeCache.ScanAssembly (0ms)
			ScanForSourceGeneratedMonoScriptInfo (0ms)
			ResolveRequiredComponents (6ms)
	FinalizeReload (1848ms)
		ReleaseScriptCaches (0ms)
		RebuildScriptCaches (0ms)
		SetupLoadedEditorAssemblies (802ms)
			LogAssemblyErrors (0ms)
			InitializePlatformSupportModulesInManaged (7ms)
			SetLoadedEditorAssemblies (5ms)
			RefreshPlugins (0ms)
			BeforeProcessingInitializeOnLoad (120ms)
			ProcessInitializeOnLoadAttributes (483ms)
			ProcessInitializeOnLoadMethodAttributes (175ms)
			AfterProcessingInitializeOnLoad (11ms)
			EditorAssembliesLoaded (1ms)
		ExecutionOrderSort2 (0ms)
		AwakeInstancesAfterBackupRestoration (20ms)
Refreshing native plugins compatible for Editor in 23.99 ms, found 4 plugins.
Preloading 0 native plugins for Editor in 0.00 ms.
Unloading 5043 Unused Serialized files (Serialized files now loaded: 0)
Unloading 73 unused Assets / (233.4 KB). Loaded Objects now: 5497.
Memory consumption went from 168.7 MB to 168.5 MB.
Total: 8.415400 ms (FindLiveObjects: 0.425400 ms CreateObjectMapping: 0.577500 ms MarkObjects: 7.144500 ms  DeleteObjects: 0.267000 ms)

Prepare: number of updated asset objects reloaded= 0
AssetImportParameters requested are different than current active one (requested -> active):
  custom:container-demuxer-ogg: 62fdf1f143b41e24485cea50d1cbac27 -> 
  custom:video-decoder-ogg-theora: a1e56fd34408186e4bbccfd4996cb3dc -> 
  custom:framework-win-MediaFoundation: 216162199b28c13a410421893ffa2e32 -> 
  custom:CustomObjectIndexerAttribute: 756ad292c208cfabdd7b50bc23989ffe -> 
  custom:container-demuxer-webm: 4f35f7cbe854078d1ac9338744f61a02 -> 
  custom:container-muxer-webm: aa71ff27fc2769a1b78a27578f13a17b -> 
  custom:video-decoder-webm-vp8: 9c59270c3fd7afecdb556c50c9e8de78 -> 
  custom:SearchIndexIgnoredProperties: e643bd26f0fe6173181afceb89e7c659 -> 
  custom:AudioImporter_EditorPlatform: d09bf68614088b80899f8185d706f6e7 -> 
  custom:video-encoder-webm-vp8: eb34c28f22e8b96e1ab97ce403110664 -> 
  custom:audio-decoder-ogg-vorbis: bf7c407c2cedff20999df2af8eb42d56 -> 
  custom:audio-encoder-webm-vorbis: bf7c407c2cedff20999df2af8eb42d56 -> 
========================================================================
Received Prepare
Begin MonoManager ReloadAssembly
Symbol file LoadedFromMemory is not a mono symbol file
- Loaded All Assemblies, in  0.703 seconds
Refreshing native plugins compatible for Editor in 20.76 ms, found 4 plugins.
Native extension for WindowsStandalone target not found
[Package Manager] Server::EnsureServerProcessIsRunning -- launch failed, reason: Unity was launched with the -noUpm command-line argument
[Package Manager] UpmClient::Send -- Unable to send message (not connected to UPM process).
[Package Manager] Cannot connect to Unity Package Manager local server
Mono: successfully reloaded assembly
- Finished resetting the current domain, in  1.738 seconds
Domain Reload Profiling: 2427ms
	BeginReloadAssembly (183ms)
		ExecutionOrderSort (0ms)
		DisableScriptedObjects (11ms)
		BackupInstance (0ms)
		ReleaseScriptingObjects (0ms)
		CreateAndSetChildDomain (42ms)
	RebuildCommonClasses (33ms)
	RebuildNativeTypeToScriptingClass (10ms)
	initialDomainReloadingComplete (41ms)
	LoadAllAssembliesAndSetupDomain (422ms)
		LoadAssemblies (501ms)
		RebuildTransferFunctionScriptingTraits (0ms)
		AnalyzeDomain (14ms)
			TypeCache.Refresh (7ms)
				TypeCache.ScanAssembly (0ms)
			ScanForSourceGeneratedMonoScriptInfo (0ms)
			ResolveRequiredComponents (6ms)
	FinalizeReload (1738ms)
		ReleaseScriptCaches (0ms)
		RebuildScriptCaches (0ms)
		SetupLoadedEditorAssemblies (725ms)
			LogAssemblyErrors (0ms)
			InitializePlatformSupportModulesInManaged (7ms)
			SetLoadedEditorAssemblies (4ms)
			RefreshPlugins (0ms)
			BeforeProcessingInitializeOnLoad (115ms)
			ProcessInitializeOnLoadAttributes (431ms)
			ProcessInitializeOnLoadMethodAttributes (158ms)
			AfterProcessingInitializeOnLoad (10ms)
			EditorAssembliesLoaded (0ms)
		ExecutionOrderSort2 (0ms)
		AwakeInstancesAfterBackupRestoration (20ms)
Refreshing native plugins compatible for Editor in 22.80 ms, found 4 plugins.
Preloading 0 native plugins for Editor in 0.00 ms.
Unloading 5044 Unused Serialized files (Serialized files now loaded: 0)
Unloading 73 unused Assets / (233.5 KB). Loaded Objects now: 5501.
Memory consumption went from 170.9 MB to 170.7 MB.
Total: 6.254700 ms (FindLiveObjects: 0.368700 ms CreateObjectMapping: 0.360600 ms MarkObjects: 5.324700 ms  DeleteObjects: 0.199800 ms)

Prepare: number of updated asset objects reloaded= 0
AssetImportParameters requested are different than current active one (requested -> active):
  custom:container-demuxer-ogg: 62fdf1f143b41e24485cea50d1cbac27 -> 
  custom:video-decoder-ogg-theora: a1e56fd34408186e4bbccfd4996cb3dc -> 
  custom:framework-win-MediaFoundation: 216162199b28c13a410421893ffa2e32 -> 
  custom:CustomObjectIndexerAttribute: 756ad292c208cfabdd7b50bc23989ffe -> 
  custom:container-demuxer-webm: 4f35f7cbe854078d1ac9338744f61a02 -> 
  custom:container-muxer-webm: aa71ff27fc2769a1b78a27578f13a17b -> 
  custom:video-decoder-webm-vp8: 9c59270c3fd7afecdb556c50c9e8de78 -> 
  custom:SearchIndexIgnoredProperties: e643bd26f0fe6173181afceb89e7c659 -> 
  custom:AudioImporter_EditorPlatform: d09bf68614088b80899f8185d706f6e7 -> 
  custom:video-encoder-webm-vp8: eb34c28f22e8b96e1ab97ce403110664 -> 
  custom:audio-decoder-ogg-vorbis: bf7c407c2cedff20999df2af8eb42d56 -> 
  custom:audio-encoder-webm-vorbis: bf7c407c2cedff20999df2af8eb42d56 -> 
========================================================================
Received Import Request.
  Time since last request: 1343.623562 seconds.
  path: Assets/DungeonKit/Prefabs/Items/Helmet of strength_Item.prefab
  artifactKey: Guid(0444801017f72824598251fb2c4ff24a) Importer(815301076,1909f56bfc062723c751e8b465ee728b)
Start importing Assets/DungeonKit/Prefabs/Items/Helmet of strength_Item.prefab using Guid(0444801017f72824598251fb2c4ff24a) Importer(815301076,1909f56bfc062723c751e8b465ee728b)  -> (artifact id: '28bbd51070eb78a3f508fb47bb0e0e62') in 0.075353 seconds
Number of updated asset objects reloaded before import = 0
Number of asset objects unloaded after import = 20
========================================================================
Received Import Request.
  Time since last request: 35.474872 seconds.
  path: Assets/DungeonKit/Prefabs/Managers/Scenes_Managers.prefab
  artifactKey: Guid(473829b53cb432440b5e424211403092) Importer(815301076,1909f56bfc062723c751e8b465ee728b)
Start importing Assets/DungeonKit/Prefabs/Managers/Scenes_Managers.prefab using Guid(473829b53cb432440b5e424211403092) Importer(815301076,1909f56bfc062723c751e8b465ee728b)  -> (artifact id: '484489b4cebf22b2d15b91aa3b8b75b1') in 0.004618 seconds
Number of updated asset objects reloaded before import = 0
Number of asset objects unloaded after import = 6
========================================================================
Received Import Request.
  Time since last request: 11.715044 seconds.
  path: Assets/DungeonKit/Prefabs/AI/AI_Mage.prefab
  artifactKey: Guid(bc43ce56f92323247856e2aa7f339dab) Importer(815301076,1909f56bfc062723c751e8b465ee728b)
Start importing Assets/DungeonKit/Prefabs/AI/AI_Mage.prefab using Guid(bc43ce56f92323247856e2aa7f339dab) Importer(815301076,1909f56bfc062723c751e8b465ee728b)  -> (artifact id: '5d4b84050a17efb6b7ae715c156ebb1e') in 0.025301 seconds
Number of updated asset objects reloaded before import = 0
Number of asset objects unloaded after import = 63
========================================================================
Received Import Request.
  Time since last request: 0.000013 seconds.
  path: Assets/DungeonKit/Prefabs/AI/AI_Orc.prefab
  artifactKey: Guid(a7ac237c3e2d4b4458a1d42868db3698) Importer(815301076,1909f56bfc062723c751e8b465ee728b)
Start importing Assets/DungeonKit/Prefabs/AI/AI_Orc.prefab using Guid(a7ac237c3e2d4b4458a1d42868db3698) Importer(815301076,1909f56bfc062723c751e8b465ee728b)  -> (artifact id: '6e5eb9b612113b7ec1b5d8cbaacc0bb3') in 0.020282 seconds
Number of updated asset objects reloaded before import = 0
Number of asset objects unloaded after import = 53
========================================================================
Received Prepare
Begin MonoManager ReloadAssembly
Symbol file LoadedFromMemory is not a mono symbol file
- Loaded All Assemblies, in  0.652 seconds
Refreshing native plugins compatible for Editor in 20.69 ms, found 4 plugins.
Native extension for WindowsStandalone target not found
[Package Manager] Server::EnsureServerProcessIsRunning -- launch failed, reason: Unity was launched with the -noUpm command-line argument
[Package Manager] UpmClient::Send -- Unable to send message (not connected to UPM process).
[Package Manager] Cannot connect to Unity Package Manager local server
Mono: successfully reloaded assembly
- Finished resetting the current domain, in  1.749 seconds
Domain Reload Profiling: 2391ms
	BeginReloadAssembly (169ms)
		ExecutionOrderSort (0ms)
		DisableScriptedObjects (10ms)
		BackupInstance (0ms)
		ReleaseScriptingObjects (0ms)
		CreateAndSetChildDomain (40ms)
	RebuildCommonClasses (30ms)
	RebuildNativeTypeToScriptingClass (10ms)
	initialDomainReloadingComplete (36ms)
	LoadAllAssembliesAndSetupDomain (396ms)
		LoadAssemblies (466ms)
		RebuildTransferFunctionScriptingTraits (0ms)
		AnalyzeDomain (14ms)
			TypeCache.Refresh (7ms)
				TypeCache.ScanAssembly (0ms)
			ScanForSourceGeneratedMonoScriptInfo (0ms)
			ResolveRequiredComponents (6ms)
	FinalizeReload (1749ms)
		ReleaseScriptCaches (0ms)
		RebuildScriptCaches (0ms)
		SetupLoadedEditorAssemblies (739ms)
			LogAssemblyErrors (0ms)
			InitializePlatformSupportModulesInManaged (8ms)
			SetLoadedEditorAssemblies (5ms)
			RefreshPlugins (0ms)
			BeforeProcessingInitializeOnLoad (117ms)
			ProcessInitializeOnLoadAttributes (435ms)
			ProcessInitializeOnLoadMethodAttributes (163ms)
			AfterProcessingInitializeOnLoad (11ms)
			EditorAssembliesLoaded (1ms)
		ExecutionOrderSort2 (0ms)
		AwakeInstancesAfterBackupRestoration (20ms)
Refreshing native plugins compatible for Editor in 22.70 ms, found 4 plugins.
Preloading 0 native plugins for Editor in 0.00 ms.
Unloading 5043 Unused Serialized files (Serialized files now loaded: 0)
Unloading 73 unused Assets / (233.2 KB). Loaded Objects now: 5505.
Memory consumption went from 172.6 MB to 172.4 MB.
Total: 7.338500 ms (FindLiveObjects: 0.392400 ms CreateObjectMapping: 0.488800 ms MarkObjects: 6.250600 ms  DeleteObjects: 0.205400 ms)

Prepare: number of updated asset objects reloaded= 0
AssetImportParameters requested are different than current active one (requested -> active):
  custom:container-demuxer-ogg: 62fdf1f143b41e24485cea50d1cbac27 -> 
  custom:video-decoder-ogg-theora: a1e56fd34408186e4bbccfd4996cb3dc -> 
  custom:framework-win-MediaFoundation: 216162199b28c13a410421893ffa2e32 -> 
  custom:CustomObjectIndexerAttribute: 756ad292c208cfabdd7b50bc23989ffe -> 
  custom:container-demuxer-webm: 4f35f7cbe854078d1ac9338744f61a02 -> 
  custom:container-muxer-webm: aa71ff27fc2769a1b78a27578f13a17b -> 
  custom:video-decoder-webm-vp8: 9c59270c3fd7afecdb556c50c9e8de78 -> 
  custom:SearchIndexIgnoredProperties: e643bd26f0fe6173181afceb89e7c659 -> 
  custom:AudioImporter_EditorPlatform: d09bf68614088b80899f8185d706f6e7 -> 
  custom:video-encoder-webm-vp8: eb34c28f22e8b96e1ab97ce403110664 -> 
  custom:audio-decoder-ogg-vorbis: bf7c407c2cedff20999df2af8eb42d56 -> 
  custom:audio-encoder-webm-vorbis: bf7c407c2cedff20999df2af8eb42d56 -> 
========================================================================
Received Prepare
Begin MonoManager ReloadAssembly
Symbol file LoadedFromMemory is not a mono symbol file
- Loaded All Assemblies, in  0.688 seconds
Refreshing native plugins compatible for Editor in 23.08 ms, found 4 plugins.
Native extension for WindowsStandalone target not found
[Package Manager] Server::EnsureServerProcessIsRunning -- launch failed, reason: Unity was launched with the -noUpm command-line argument
[Package Manager] UpmClient::Send -- Unable to send message (not connected to UPM process).
[Package Manager] Cannot connect to Unity Package Manager local server
Mono: successfully reloaded assembly
- Finished resetting the current domain, in  1.709 seconds
Domain Reload Profiling: 2387ms
	BeginReloadAssembly (168ms)
		ExecutionOrderSort (0ms)
		DisableScriptedObjects (10ms)
		BackupInstance (0ms)
		ReleaseScriptingObjects (0ms)
		CreateAndSetChildDomain (37ms)
	RebuildCommonClasses (30ms)
	RebuildNativeTypeToScriptingClass (37ms)
	initialDomainReloadingComplete (47ms)
	LoadAllAssembliesAndSetupDomain (397ms)
		LoadAssemblies (467ms)
		RebuildTransferFunctionScriptingTraits (0ms)
		AnalyzeDomain (15ms)
			TypeCache.Refresh (7ms)
				TypeCache.ScanAssembly (0ms)
			ScanForSourceGeneratedMonoScriptInfo (0ms)
			ResolveRequiredComponents (6ms)
	FinalizeReload (1710ms)
		ReleaseScriptCaches (0ms)
		RebuildScriptCaches (0ms)
		SetupLoadedEditorAssemblies (695ms)
			LogAssemblyErrors (0ms)
			InitializePlatformSupportModulesInManaged (8ms)
			SetLoadedEditorAssemblies (4ms)
			RefreshPlugins (0ms)
			BeforeProcessingInitializeOnLoad (116ms)
			ProcessInitializeOnLoadAttributes (406ms)
			ProcessInitializeOnLoadMethodAttributes (150ms)
			AfterProcessingInitializeOnLoad (11ms)
			EditorAssembliesLoaded (0ms)
		ExecutionOrderSort2 (0ms)
		AwakeInstancesAfterBackupRestoration (20ms)
Refreshing native plugins compatible for Editor in 19.67 ms, found 4 plugins.
Preloading 0 native plugins for Editor in 0.00 ms.
Unloading 5044 Unused Serialized files (Serialized files now loaded: 0)
Unloading 73 unused Assets / (233.5 KB). Loaded Objects now: 5509.
Memory consumption went from 174.8 MB to 174.6 MB.
Total: 6.269000 ms (FindLiveObjects: 0.373200 ms CreateObjectMapping: 0.384200 ms MarkObjects: 5.315000 ms  DeleteObjects: 0.195900 ms)

Prepare: number of updated asset objects reloaded= 0
AssetImportParameters requested are different than current active one (requested -> active):
  custom:container-demuxer-ogg: 62fdf1f143b41e24485cea50d1cbac27 -> 
  custom:video-decoder-ogg-theora: a1e56fd34408186e4bbccfd4996cb3dc -> 
  custom:framework-win-MediaFoundation: 216162199b28c13a410421893ffa2e32 -> 
  custom:CustomObjectIndexerAttribute: 756ad292c208cfabdd7b50bc23989ffe -> 
  custom:container-demuxer-webm: 4f35f7cbe854078d1ac9338744f61a02 -> 
  custom:container-muxer-webm: aa71ff27fc2769a1b78a27578f13a17b -> 
  custom:video-decoder-webm-vp8: 9c59270c3fd7afecdb556c50c9e8de78 -> 
  custom:SearchIndexIgnoredProperties: e643bd26f0fe6173181afceb89e7c659 -> 
  custom:AudioImporter_EditorPlatform: d09bf68614088b80899f8185d706f6e7 -> 
  custom:video-encoder-webm-vp8: eb34c28f22e8b96e1ab97ce403110664 -> 
  custom:audio-decoder-ogg-vorbis: bf7c407c2cedff20999df2af8eb42d56 -> 
  custom:audio-encoder-webm-vorbis: bf7c407c2cedff20999df2af8eb42d56 -> 
========================================================================
Received Prepare
Begin MonoManager ReloadAssembly
Symbol file LoadedFromMemory is not a mono symbol file
- Loaded All Assemblies, in  0.660 seconds
Refreshing native plugins compatible for Editor in 23.19 ms, found 4 plugins.
Native extension for WindowsStandalone target not found
[Package Manager] Server::EnsureServerProcessIsRunning -- launch failed, reason: Unity was launched with the -noUpm command-line argument
[Package Manager] UpmClient::Send -- Unable to send message (not connected to UPM process).
[Package Manager] Cannot connect to Unity Package Manager local server
Mono: successfully reloaded assembly
- Finished resetting the current domain, in  1.784 seconds
Domain Reload Profiling: 2433ms
	BeginReloadAssembly (175ms)
		ExecutionOrderSort (0ms)
		DisableScriptedObjects (10ms)
		BackupInstance (0ms)
		ReleaseScriptingObjects (0ms)
		CreateAndSetChildDomain (39ms)
	RebuildCommonClasses (30ms)
	RebuildNativeTypeToScriptingClass (10ms)
	initialDomainReloadingComplete (36ms)
	LoadAllAssembliesAndSetupDomain (398ms)
		LoadAssemblies (474ms)
		RebuildTransferFunctionScriptingTraits (0ms)
		AnalyzeDomain (15ms)
			TypeCache.Refresh (7ms)
				TypeCache.ScanAssembly (0ms)
			ScanForSourceGeneratedMonoScriptInfo (0ms)
			ResolveRequiredComponents (6ms)
	FinalizeReload (1784ms)
		ReleaseScriptCaches (0ms)
		RebuildScriptCaches (0ms)
		SetupLoadedEditorAssemblies (754ms)
			LogAssemblyErrors (0ms)
			InitializePlatformSupportModulesInManaged (9ms)
			SetLoadedEditorAssemblies (5ms)
			RefreshPlugins (0ms)
			BeforeProcessingInitializeOnLoad (119ms)
			ProcessInitializeOnLoadAttributes (440ms)
			ProcessInitializeOnLoadMethodAttributes (170ms)
			AfterProcessingInitializeOnLoad (11ms)
			EditorAssembliesLoaded (0ms)
		ExecutionOrderSort2 (0ms)
		AwakeInstancesAfterBackupRestoration (20ms)
Refreshing native plugins compatible for Editor in 22.33 ms, found 4 plugins.
Preloading 0 native plugins for Editor in 0.00 ms.
Unloading 5044 Unused Serialized files (Serialized files now loaded: 0)
Unloading 73 unused Assets / (233.5 KB). Loaded Objects now: 5513.
Memory consumption went from 176.7 MB to 176.5 MB.
Total: 7.403400 ms (FindLiveObjects: 0.483400 ms CreateObjectMapping: 0.606500 ms MarkObjects: 6.086300 ms  DeleteObjects: 0.226300 ms)

Prepare: number of updated asset objects reloaded= 0
AssetImportParameters requested are different than current active one (requested -> active):
  custom:container-demuxer-ogg: 62fdf1f143b41e24485cea50d1cbac27 -> 
  custom:video-decoder-ogg-theora: a1e56fd34408186e4bbccfd4996cb3dc -> 
  custom:framework-win-MediaFoundation: 216162199b28c13a410421893ffa2e32 -> 
  custom:CustomObjectIndexerAttribute: 756ad292c208cfabdd7b50bc23989ffe -> 
  custom:container-demuxer-webm: 4f35f7cbe854078d1ac9338744f61a02 -> 
  custom:container-muxer-webm: aa71ff27fc2769a1b78a27578f13a17b -> 
  custom:video-decoder-webm-vp8: 9c59270c3fd7afecdb556c50c9e8de78 -> 
  custom:SearchIndexIgnoredProperties: e643bd26f0fe6173181afceb89e7c659 -> 
  custom:AudioImporter_EditorPlatform: d09bf68614088b80899f8185d706f6e7 -> 
  custom:video-encoder-webm-vp8: eb34c28f22e8b96e1ab97ce403110664 -> 
  custom:audio-decoder-ogg-vorbis: bf7c407c2cedff20999df2af8eb42d56 -> 
  custom:audio-encoder-webm-vorbis: bf7c407c2cedff20999df2af8eb42d56 -> 
